build/outputs/logs/manifest-merger-release-report.txt
-- Merging decision tree log ---
manifest
ADDED from src\main\AndroidManifest.xml:2:1-64:12
INJECTED from src\main\AndroidManifest.xml:2:1-64:12
INJECTED from src\main\AndroidManifest.xml:2:1-64:12
INJECTED from src\main\AndroidManifest.xml:2:1-64:12
INJECTED from src\main\AndroidManifest.xml:2:1-64:12
	package
		ADDED from src\main\AndroidManifest.xml:3:7-33
	android:versionName
		ADDED from src\main\AndroidManifest.xml:5:7-32
		INJECTED from src\main\AndroidManifest.xml
		INJECTED from src\main\AndroidManifest.xml
	xmlns:android
		ADDED from src\main\AndroidManifest.xml:2:11-69
	android:versionCode
		ADDED from src\main\AndroidManifest.xml:4:7-33
		INJECTED from src\main\AndroidManifest.xml
		INJECTED from src\main\AndroidManifest.xml
	android:installLocation
		ADDED from src\main\AndroidManifest.xml:6:7-37
supports-screens
ADDED from src\main\AndroidManifest.xml:8:5-16:7
	android:largeScreens
		ADDED from src\main\AndroidManifest.xml:11:13-40
	android:smallScreens
		ADDED from src\main\AndroidManifest.xml:9:13-40
	android:normalScreens
		ADDED from src\main\AndroidManifest.xml:10:13-41
	android:xlargeScreens
		ADDED from src\main\AndroidManifest.xml:14:13-41
	android:anyDensity
		ADDED from src\main\AndroidManifest.xml:12:13-38
uses-sdk
ADDED from src\main\AndroidManifest.xml:19:5-74
INJECTED from src\main\AndroidManifest.xml:19:5-74
INJECTED from src\main\AndroidManifest.xml:19:5-74
INJECTED from src\main\AndroidManifest.xml:19:5-74
INJECTED from src\main\AndroidManifest.xml:19:5-74
	android:targetSdkVersion
		ADDED from src\main\AndroidManifest.xml:19:42-71
		INJECTED from src\main\AndroidManifest.xml
		INJECTED from src\main\AndroidManifest.xml
	android:minSdkVersion
		ADDED from src\main\AndroidManifest.xml:19:15-41
		INJECTED from src\main\AndroidManifest.xml
		INJECTED from src\main\AndroidManifest.xml
application
ADDED from src\main\AndroidManifest.xml:37:5-62:19
	android:label
		ADDED from src\main\AndroidManifest.xml:37:18-50
	android:hardwareAccelerated
		ADDED from src\main\AndroidManifest.xml:41:18-52
	android:icon
		ADDED from src\main\AndroidManifest.xml:38:18-47
	android:allowBackup
		ADDED from src\main\AndroidManifest.xml:39:18-44
	android:theme
		ADDED from src\main\AndroidManifest.xml:40:18-76
meta-data#wakelock
ADDED from src\main\AndroidManifest.xml:44:9-63
	android:value
		ADDED from src\main\AndroidManifest.xml:44:44-61
	android:name
		ADDED from src\main\AndroidManifest.xml:44:20-43
activity#org.kivy.android.PythonActivity
ADDED from src\main\AndroidManifest.xml:46:9-53:40
	android:label
		ADDED from src\main\AndroidManifest.xml:47:19-51
	android:configChanges
		ADDED from src\main\AndroidManifest.xml:48:19-80
	android:name
		ADDED from src\main\AndroidManifest.xml:46:19-65
intent-filter#action:name:android.intent.action.MAIN+category:name:android.intent.category.LAUNCHER
ADDED from src\main\AndroidManifest.xml:50:13-53:29
action#android.intent.action.MAIN
ADDED from src\main\AndroidManifest.xml:51:17-69
	android:name
		ADDED from src\main\AndroidManifest.xml:51:25-66
category#android.intent.category.LAUNCHER
ADDED from src\main\AndroidManifest.xml:52:17-77
	android:name
		ADDED from src\main\AndroidManifest.xml:52:27-74
service#org.ipv8.android.ServiceIpv8
ADDED from src\main\AndroidManifest.xml:57:9-58:52
	android:process
		ADDED from src\main\AndroidManifest.xml:58:18-49
	android:name
		ADDED from src\main\AndroidManifest.xml:57:18-61